<?xml version="1.0" encoding="UTF-8"?>
<robot generator="Robot 4.0.3 (Python 3.9.6 on win32)" generated="20210820 11:29:53.656" rpa="false" schemaversion="2">
<suite id="s1" name="Features" source="C:\Users\omattos\sistreinamento\WebAutomationRobotFramework\test\features">
<suite id="s1-s1" name="Cadastro" source="C:\Users\omattos\sistreinamento\WebAutomationRobotFramework\test\features\cadastro.robot">
<test id="s1-s1-t1" name="Cenario: Validar cadastro com sucesso">
<kw name="Abrir sessão" library="setup" type="SETUP">
<kw name="Open Browser" library="SeleniumLibrary">
<arg>${CONFIG.URL}</arg>
<arg>${CONFIG.NAVEGADOR}</arg>
<doc>Opens a new browser instance to the optional ``url``.</doc>
<msg timestamp="20210820 11:29:54.450" level="INFO">Opening browser 'chrome' to base url 'http://automationpractice.com/index.php'.</msg>
<status status="PASS" starttime="20210820 11:29:54.447" endtime="20210820 11:30:15.096"/>
</kw>
<kw name="Set Selenium Timeout" library="SeleniumLibrary">
<arg>${CONFIG.TIMEOUT}</arg>
<doc>Sets the timeout that is used by various keywords.</doc>
<status status="PASS" starttime="20210820 11:30:15.097" endtime="20210820 11:30:15.100"/>
</kw>
<kw name="Maximize Browser Window" library="SeleniumLibrary">
<doc>Maximizes current browser window.</doc>
<status status="PASS" starttime="20210820 11:30:15.101" endtime="20210820 11:30:15.373"/>
</kw>
<status status="PASS" starttime="20210820 11:29:54.446" endtime="20210820 11:30:15.374"/>
</kw>
<kw name="Dado que o cliente esteja na tela inicial da aplicação" library="home_kws">
<kw name="Wait Until Element Is Visible" library="SeleniumLibrary">
<arg>${HOME.BOTAO_SIGNIN}</arg>
<doc>Waits until the element ``locator`` is visible.</doc>
<status status="PASS" starttime="20210820 11:30:15.387" endtime="20210820 11:30:15.520"/>
</kw>
<status status="PASS" starttime="20210820 11:30:15.385" endtime="20210820 11:30:15.521"/>
</kw>
<kw name="E acessar a tela de cadastro" library="cadastro_kws">
<kw name="E acessar a tela de login" library="home_kws">
<kw name="Wait Until Element Is Visible" library="SeleniumLibrary">
<arg>${HOME.BOTAO_SIGNIN}</arg>
<doc>Waits until the element ``locator`` is visible.</doc>
<status status="PASS" starttime="20210820 11:30:15.525" endtime="20210820 11:30:15.619"/>
</kw>
<kw name="Click Element" library="SeleniumLibrary">
<arg>${HOME.BOTAO_SIGNIN}</arg>
<doc>Click the element identified by ``locator``.</doc>
<msg timestamp="20210820 11:30:15.623" level="INFO">Clicking element '//a[@class='login']'.</msg>
<status status="PASS" starttime="20210820 11:30:15.620" endtime="20210820 11:30:17.816"/>
</kw>
<status status="PASS" starttime="20210820 11:30:15.523" endtime="20210820 11:30:17.816"/>
</kw>
<kw name="Wait Until Element Is Visible" library="SeleniumLibrary">
<arg>${LOGIN.INPUT_EMAIL_CADASTRO}</arg>
<doc>Waits until the element ``locator`` is visible.</doc>
<status status="PASS" starttime="20210820 11:30:17.817" endtime="20210820 11:30:17.914"/>
</kw>
<kw name="FakerLibrary.Email">
<var>${NOVO_EMAIL}</var>
<msg timestamp="20210820 11:30:17.929" level="FAIL">No keyword with name 'FakerLibrary.Email' found.</msg>
<status status="FAIL" starttime="20210820 11:30:17.928" endtime="20210820 11:30:17.929"/>
</kw>
<kw name="Input Text" library="SeleniumLibrary">
<arg>${LOGIN.INPUT_EMAIL_CADASTRO}</arg>
<arg>${NOVO_EMAIL}</arg>
<doc>Types the given ``text`` into the text field identified by ``locator``.</doc>
<status status="NOT RUN" starttime="20210820 11:30:17.929" endtime="20210820 11:30:17.930"/>
</kw>
<kw name="Click Element" library="SeleniumLibrary">
<arg>${LOGIN.BOTAO_CREATE}</arg>
<doc>Click the element identified by ``locator``.</doc>
<status status="NOT RUN" starttime="20210820 11:30:17.930" endtime="20210820 11:30:17.930"/>
</kw>
<status status="FAIL" starttime="20210820 11:30:15.522" endtime="20210820 11:30:17.931"/>
</kw>
<kw name="Encerrar sessão" library="setup" type="TEARDOWN">
<kw name="Capture Page Screenshot" library="SeleniumLibrary">
<doc>Takes a screenshot of the current page and embeds it into a log file.</doc>
<msg timestamp="20210820 11:30:18.433" level="INFO" html="true">&lt;/td&gt;&lt;/tr&gt;&lt;tr&gt;&lt;td colspan="3"&gt;&lt;a href="selenium-screenshot-30.png"&gt;&lt;img src="selenium-screenshot-30.png" width="800px"&gt;&lt;/a&gt;</msg>
<status status="PASS" starttime="20210820 11:30:17.936" endtime="20210820 11:30:18.433"/>
</kw>
<kw name="Close Browser" library="SeleniumLibrary">
<doc>Closes the current browser.</doc>
<status status="PASS" starttime="20210820 11:30:18.433" endtime="20210820 11:30:21.557"/>
</kw>
<status status="PASS" starttime="20210820 11:30:17.935" endtime="20210820 11:30:21.557"/>
</kw>
<tag>CADASTRO</tag>
<tag>POSITIVO</tag>
<status status="FAIL" starttime="20210820 11:29:54.445" endtime="20210820 11:30:21.557">No keyword with name 'FakerLibrary.Email' found.</status>
</test>
<doc>Cenários de testes relacionado ao cadastro</doc>
<status status="FAIL" starttime="20210820 11:29:53.762" endtime="20210820 11:30:21.563"/>
</suite>
<status status="FAIL" starttime="20210820 11:29:53.658" endtime="20210820 11:30:21.570"/>
</suite>
<statistics>
<total>
<stat pass="0" fail="1" skip="0">All Tests</stat>
</total>
<tag>
<stat pass="0" fail="1" skip="0">CADASTRO</stat>
<stat pass="0" fail="1" skip="0">POSITIVO</stat>
</tag>
<suite>
<stat pass="0" fail="1" skip="0" id="s1" name="Features">Features</stat>
<stat pass="0" fail="1" skip="0" id="s1-s1" name="Cadastro">Features.Cadastro</stat>
</suite>
</statistics>
<errors>
<msg timestamp="20210820 11:29:54.358" level="ERROR">Error in file 'C:\Users\omattos\sistreinamento\WebAutomationRobotFramework\src\config\package.resource' on line 6: Importing library 'FakerLibrary' failed: ModuleNotFoundError: No module named 'FakerLibrary'
Traceback (most recent call last):
  None
PYTHONPATH:
  C:\Users\omattos\AppData\Local\Programs\Python\Python39\Scripts\robot.exe
  c:\users\omattos\appdata\local\programs\python\python39\python39.zip
  c:\users\omattos\appdata\local\programs\python\python39\DLLs
  c:\users\omattos\appdata\local\programs\python\python39\lib
  c:\users\omattos\appdata\local\programs\python\python39
  c:\users\omattos\appdata\local\programs\python\python39\lib\site-packages</msg>
</errors>
</robot>
