<?xml version="1.0" encoding="UTF-8"?>
<robot generator="Robot 4.0.3 (Python 3.9.6 on win32)" generated="20210820 21:18:38.648" rpa="false" schemaversion="2">
<suite id="s1" name="Cadastro" source="C:\Users\omattos\sistreinamento\WebAutomationRobotFramework\test\features\cadastro.robot">
<test id="s1-t1" name="Cenario: Validar cadastro com sucesso">
<kw name="Abrir sessão" library="setup" type="SETUP">
<kw name="Open Browser" library="SeleniumLibrary">
<arg>${CONFIG.URL}</arg>
<arg>${CONFIG.NAVEGADOR}</arg>
<doc>Opens a new browser instance to the optional ``url``.</doc>
<msg timestamp="20210820 21:18:40.567" level="INFO">Opening browser 'chrome' to base url 'http://automationpractice.com/index.php'.</msg>
<status status="PASS" starttime="20210820 21:18:40.564" endtime="20210820 21:18:52.060"/>
</kw>
<kw name="Set Selenium Timeout" library="SeleniumLibrary">
<arg>${CONFIG.TIMEOUT}</arg>
<doc>Sets the timeout that is used by various keywords.</doc>
<status status="PASS" starttime="20210820 21:18:52.061" endtime="20210820 21:18:52.067"/>
</kw>
<kw name="Maximize Browser Window" library="SeleniumLibrary">
<doc>Maximizes current browser window.</doc>
<status status="PASS" starttime="20210820 21:18:52.068" endtime="20210820 21:18:52.512"/>
</kw>
<status status="PASS" starttime="20210820 21:18:40.561" endtime="20210820 21:18:52.513"/>
</kw>
<kw name="Dado que o cliente esteja na tela inicial da aplicação" library="home_kws">
<kw name="Wait Until Element Is Visible" library="SeleniumLibrary">
<arg>${HOME.BOTAO_SIGNIN}</arg>
<doc>Waits until the element ``locator`` is visible.</doc>
<status status="PASS" starttime="20210820 21:18:52.543" endtime="20210820 21:18:53.048"/>
</kw>
<status status="PASS" starttime="20210820 21:18:52.539" endtime="20210820 21:18:53.049"/>
</kw>
<kw name="E acessar a tela de login" library="home_kws">
<kw name="Wait Until Element Is Visible" library="SeleniumLibrary">
<arg>${HOME.BOTAO_SIGNIN}</arg>
<doc>Waits until the element ``locator`` is visible.</doc>
<status status="PASS" starttime="20210820 21:18:53.052" endtime="20210820 21:18:53.158"/>
</kw>
<kw name="Click Element" library="SeleniumLibrary">
<arg>${HOME.BOTAO_SIGNIN}</arg>
<doc>Click the element identified by ``locator``.</doc>
<msg timestamp="20210820 21:18:53.163" level="INFO">Clicking element '//a[@class='login']'.</msg>
<status status="PASS" starttime="20210820 21:18:53.159" endtime="20210820 21:18:56.224"/>
</kw>
<status status="PASS" starttime="20210820 21:18:53.050" endtime="20210820 21:18:56.225"/>
</kw>
<kw name="E acessar a tela de cadastro" library="cadastro_kws">
<kw name="E acessar a tela de login" library="home_kws">
<kw name="Wait Until Element Is Visible" library="SeleniumLibrary">
<arg>${HOME.BOTAO_SIGNIN}</arg>
<doc>Waits until the element ``locator`` is visible.</doc>
<status status="PASS" starttime="20210820 21:18:56.231" endtime="20210820 21:18:56.347"/>
</kw>
<kw name="Click Element" library="SeleniumLibrary">
<arg>${HOME.BOTAO_SIGNIN}</arg>
<doc>Click the element identified by ``locator``.</doc>
<msg timestamp="20210820 21:18:56.351" level="INFO">Clicking element '//a[@class='login']'.</msg>
<status status="PASS" starttime="20210820 21:18:56.348" endtime="20210820 21:18:57.981"/>
</kw>
<status status="PASS" starttime="20210820 21:18:56.228" endtime="20210820 21:18:57.982"/>
</kw>
<kw name="Wait Until Element Is Visible" library="SeleniumLibrary">
<arg>${LOGIN.INPUT_EMAIL_CADASTRO}</arg>
<doc>Waits until the element ``locator`` is visible.</doc>
<status status="PASS" starttime="20210820 21:18:57.983" endtime="20210820 21:18:58.051"/>
</kw>
<kw name="Email" library="FakerLibrary">
<var>${NOVO_EMAIL}</var>
<msg timestamp="20210820 21:18:58.052" level="INFO">${NOVO_EMAIL} = kribeiro@teixeira.org</msg>
<status status="PASS" starttime="20210820 21:18:58.051" endtime="20210820 21:18:58.052"/>
</kw>
<kw name="Input Text" library="SeleniumLibrary">
<arg>${LOGIN.INPUT_EMAIL_CADASTRO}</arg>
<arg>${NOVO_EMAIL}</arg>
<doc>Types the given ``text`` into the text field identified by ``locator``.</doc>
<msg timestamp="20210820 21:18:58.055" level="INFO">Typing text 'kribeiro@teixeira.org' into text field '//input[@id='email_create']'.</msg>
<status status="PASS" starttime="20210820 21:18:58.053" endtime="20210820 21:18:58.361"/>
</kw>
<kw name="Click Element" library="SeleniumLibrary">
<arg>${LOGIN.BOTAO_CREATE}</arg>
<doc>Click the element identified by ``locator``.</doc>
<msg timestamp="20210820 21:18:58.364" level="INFO">Clicking element 'SubmitCreate'.</msg>
<status status="PASS" starttime="20210820 21:18:58.361" endtime="20210820 21:18:58.663"/>
</kw>
<status status="PASS" starttime="20210820 21:18:56.226" endtime="20210820 21:18:58.664"/>
</kw>
<kw name="E preencher o formulário com dados válidos" library="cadastro_kws">
<kw name="Wait Until Element Is Visible" library="SeleniumLibrary">
<arg>${CADASTRO.RADIO_MR}</arg>
<doc>Waits until the element ``locator`` is visible.</doc>
<status status="PASS" starttime="20210820 21:18:58.668" endtime="20210820 21:19:00.429"/>
</kw>
<kw name="Click Element" library="SeleniumLibrary">
<arg>${CADASTRO.RADIO_MR}</arg>
<doc>Click the element identified by ``locator``.</doc>
<msg timestamp="20210820 21:19:00.434" level="INFO">Clicking element '//input[@type='radio' and @name='id_gender' and @id='id_gender1']'.</msg>
<status status="PASS" starttime="20210820 21:19:00.430" endtime="20210820 21:19:01.069"/>
</kw>
<kw name="First Name" library="FakerLibrary">
<var>${NOME}</var>
<msg timestamp="20210820 21:19:01.071" level="INFO">${NOME} = Cauê</msg>
<status status="PASS" starttime="20210820 21:19:01.070" endtime="20210820 21:19:01.071"/>
</kw>
<kw name="Set Test Variable" library="BuiltIn">
<arg>${NOME}</arg>
<arg>${NOME}</arg>
<doc>Makes a variable available everywhere within the scope of the current test.</doc>
<msg timestamp="20210820 21:19:01.075" level="INFO">${NOME} = Cauê</msg>
<status status="PASS" starttime="20210820 21:19:01.072" endtime="20210820 21:19:01.075"/>
</kw>
<kw name="Input Text" library="SeleniumLibrary">
<arg>${CADASTRO.INPUT_NOME}</arg>
<arg>${NOME}</arg>
<doc>Types the given ``text`` into the text field identified by ``locator``.</doc>
<msg timestamp="20210820 21:19:01.081" level="INFO">Typing text 'Cauê' into text field '//input[@id='customer_firstname']'.</msg>
<status status="PASS" starttime="20210820 21:19:01.076" endtime="20210820 21:19:01.381"/>
</kw>
<kw name="Last Name" library="FakerLibrary">
<var>${SOBRENOME}</var>
<msg timestamp="20210820 21:19:01.382" level="INFO">${SOBRENOME} = da Mota</msg>
<status status="PASS" starttime="20210820 21:19:01.381" endtime="20210820 21:19:01.382"/>
</kw>
<kw name="Set Test Variable" library="BuiltIn">
<arg>${SOBRENOME}</arg>
<arg>${SOBRENOME}</arg>
<doc>Makes a variable available everywhere within the scope of the current test.</doc>
<msg timestamp="20210820 21:19:01.384" level="INFO">${SOBRENOME} = da Mota</msg>
<status status="PASS" starttime="20210820 21:19:01.383" endtime="20210820 21:19:01.384"/>
</kw>
<kw name="Input Text" library="SeleniumLibrary">
<arg>${CADASTRO.INPUT_SOBRENOME}</arg>
<arg>${SOBRENOME}</arg>
<doc>Types the given ``text`` into the text field identified by ``locator``.</doc>
<msg timestamp="20210820 21:19:01.388" level="INFO">Typing text 'da Mota' into text field '//input[@id='customer_lastname']'.</msg>
<status status="PASS" starttime="20210820 21:19:01.384" endtime="20210820 21:19:01.659"/>
</kw>
<kw name="Click Element" library="SeleniumLibrary">
<arg>${CADASTRO.INPUT_SENHA}</arg>
<doc>Click the element identified by ``locator``.</doc>
<msg timestamp="20210820 21:19:01.663" level="INFO">Clicking element '//input[@id='passwd']'.</msg>
<status status="PASS" starttime="20210820 21:19:01.660" endtime="20210820 21:19:01.814"/>
</kw>
<kw name="Scroll Element Into View" library="SeleniumLibrary">
<arg>${CADASTRO.INPUT_SENHA}</arg>
<doc>Scrolls the element identified by ``locator`` into view.</doc>
<status status="PASS" starttime="20210820 21:19:01.815" endtime="20210820 21:19:02.135"/>
</kw>
<kw name="Input Text" library="SeleniumLibrary">
<arg>${CADASTRO.INPUT_SENHA}</arg>
<arg>Teste@123</arg>
<doc>Types the given ``text`` into the text field identified by ``locator``.</doc>
<msg timestamp="20210820 21:19:02.137" level="INFO">Typing text 'Teste@123' into text field '//input[@id='passwd']'.</msg>
<status status="PASS" starttime="20210820 21:19:02.135" endtime="20210820 21:19:02.274"/>
</kw>
<kw name="Select From List By Value" library="SeleniumLibrary">
<arg>${CADASTRO.SELECT_DIA}</arg>
<arg>25</arg>
<doc>Selects options from selection list ``locator`` by ``values``.</doc>
<msg timestamp="20210820 21:19:02.277" level="INFO">Selecting options from selection list '//select[@id='days']' by value 25.</msg>
<status status="PASS" starttime="20210820 21:19:02.274" endtime="20210820 21:19:02.491"/>
</kw>
<kw name="Select From List By Value" library="SeleniumLibrary">
<arg>${CADASTRO.SELECT_MES}</arg>
<arg>7</arg>
<doc>Selects options from selection list ``locator`` by ``values``.</doc>
<msg timestamp="20210820 21:19:02.495" level="INFO">Selecting options from selection list '//select[@id='months']' by value 7.</msg>
<status status="PASS" starttime="20210820 21:19:02.492" endtime="20210820 21:19:02.732"/>
</kw>
<kw name="Select From List By Value" library="SeleniumLibrary">
<arg>${CADASTRO.SELECT_ANO}</arg>
<arg>1962</arg>
<doc>Selects options from selection list ``locator`` by ``values``.</doc>
<msg timestamp="20210820 21:19:02.736" level="INFO">Selecting options from selection list '//select[@id='years']' by value 1962.</msg>
<status status="PASS" starttime="20210820 21:19:02.733" endtime="20210820 21:19:02.939"/>
</kw>
<kw name="Input Text" library="SeleniumLibrary">
<arg>${CADASTRO.INPUT_ENDERECO_1}</arg>
<arg>Rua Teste</arg>
<doc>Types the given ``text`` into the text field identified by ``locator``.</doc>
<msg timestamp="20210820 21:19:02.942" level="INFO">Typing text 'Rua Teste' into text field '//input[@id='address1']'.</msg>
<status status="PASS" starttime="20210820 21:19:02.940" endtime="20210820 21:19:03.244"/>
</kw>
<kw name="Input Text" library="SeleniumLibrary">
<arg>${CADASTRO.INPUT_ENDERECO_2}</arg>
<arg>Apto 1204</arg>
<doc>Types the given ``text`` into the text field identified by ``locator``.</doc>
<msg timestamp="20210820 21:19:03.248" level="INFO">Typing text 'Apto 1204' into text field '//input[@id='address2']'.</msg>
<status status="PASS" starttime="20210820 21:19:03.245" endtime="20210820 21:19:03.537"/>
</kw>
<kw name="Input Text" library="SeleniumLibrary">
<arg>${CADASTRO.INPUT_CIDADE}</arg>
<arg>Barueri</arg>
<doc>Types the given ``text`` into the text field identified by ``locator``.</doc>
<msg timestamp="20210820 21:19:03.541" level="INFO">Typing text 'Barueri' into text field '//input[@id='city']'.</msg>
<status status="PASS" starttime="20210820 21:19:03.538" endtime="20210820 21:19:03.780"/>
</kw>
<kw name="Select From List By Label" library="SeleniumLibrary">
<arg>${CADASTRO.SELECT_ESTADO}</arg>
<arg>Mississippi</arg>
<doc>Selects options from selection list ``locator`` by ``labels``.</doc>
<msg timestamp="20210820 21:19:03.785" level="INFO">Selecting options from selection list '//select[@id='id_state']' by label Mississippi.</msg>
<status status="PASS" starttime="20210820 21:19:03.781" endtime="20210820 21:19:04.033"/>
</kw>
<kw name="Input Text" library="SeleniumLibrary">
<arg>${CADASTRO.INPUT_CEP}</arg>
<arg>54321</arg>
<doc>Types the given ``text`` into the text field identified by ``locator``.</doc>
<msg timestamp="20210820 21:19:04.037" level="INFO">Typing text '54321' into text field '//input[@id='postcode']'.</msg>
<status status="PASS" starttime="20210820 21:19:04.033" endtime="20210820 21:19:04.336"/>
</kw>
<kw name="Phone Number" library="FakerLibrary">
<var>${TELEFONE}</var>
<msg timestamp="20210820 21:19:04.337" level="INFO">${TELEFONE} = (021) 2972-5956</msg>
<status status="PASS" starttime="20210820 21:19:04.336" endtime="20210820 21:19:04.337"/>
</kw>
<kw name="Input Text" library="SeleniumLibrary">
<arg>${CADASTRO.INPUT_CELULAR}</arg>
<arg>${TELEFONE}</arg>
<doc>Types the given ``text`` into the text field identified by ``locator``.</doc>
<msg timestamp="20210820 21:19:04.340" level="INFO">Typing text '(021) 2972-5956' into text field '//input[@id='phone_mobile']'.</msg>
<status status="PASS" starttime="20210820 21:19:04.337" endtime="20210820 21:19:04.803"/>
</kw>
<status status="PASS" starttime="20210820 21:18:58.666" endtime="20210820 21:19:04.804"/>
</kw>
<kw name="Quando clicar no elemento" library="comum_kws">
<arg>${CADASTRO.BOTAO_REGISTER}</arg>
<kw name="E clicar no elemento" library="comum_kws">
<arg>${ELEMENTO}</arg>
<kw name="Wait Until Element Is Visible" library="SeleniumLibrary">
<arg>${ELEMENTO}</arg>
<doc>Waits until the element ``locator`` is visible.</doc>
<status status="PASS" starttime="20210820 21:19:04.813" endtime="20210820 21:19:04.888"/>
</kw>
<kw name="Click Element" library="SeleniumLibrary">
<arg>${ELEMENTO}</arg>
<doc>Click the element identified by ``locator``.</doc>
<msg timestamp="20210820 21:19:04.890" level="INFO">Clicking element 'submitAccount'.</msg>
<status status="PASS" starttime="20210820 21:19:04.889" endtime="20210820 21:19:07.002"/>
</kw>
<status status="PASS" starttime="20210820 21:19:04.810" endtime="20210820 21:19:07.003"/>
</kw>
<status status="PASS" starttime="20210820 21:19:04.806" endtime="20210820 21:19:07.004"/>
</kw>
<kw name="Então deve visualizar a tela My Account" library="minha_conta_kws">
<kw name="Wait Until Element Is Visible" library="SeleniumLibrary">
<arg>${MINHA_CONTA.TITULO}</arg>
<doc>Waits until the element ``locator`` is visible.</doc>
<status status="PASS" starttime="20210820 21:19:07.010" endtime="20210820 21:19:07.107"/>
</kw>
<kw name="Get Text" library="SeleniumLibrary">
<var>${TITULO_ATUAL}</var>
<arg>${MINHA_CONTA.TITULO}</arg>
<doc>Returns the text value of the element identified by ``locator``.</doc>
<msg timestamp="20210820 21:19:07.178" level="INFO">${TITULO_ATUAL} = MY ACCOUNT</msg>
<status status="PASS" starttime="20210820 21:19:07.107" endtime="20210820 21:19:07.179"/>
</kw>
<kw name="Should Be Equal" library="BuiltIn">
<arg>${TITULO_ATUAL}</arg>
<arg>MY ACCOUNT</arg>
<doc>Fails if the given objects are unequal.</doc>
<status status="PASS" starttime="20210820 21:19:07.179" endtime="20210820 21:19:07.180"/>
</kw>
<status status="PASS" starttime="20210820 21:19:07.007" endtime="20210820 21:19:07.181"/>
</kw>
<kw name="Encerrar sessão" library="setup" type="TEARDOWN">
<kw name="Capture Page Screenshot" library="SeleniumLibrary">
<doc>Takes a screenshot of the current page and embeds it into a log file.</doc>
<msg timestamp="20210820 21:19:07.723" level="INFO" html="true">&lt;/td&gt;&lt;/tr&gt;&lt;tr&gt;&lt;td colspan="3"&gt;&lt;a href="selenium-screenshot-16.png"&gt;&lt;img src="selenium-screenshot-16.png" width="800px"&gt;&lt;/a&gt;</msg>
<status status="PASS" starttime="20210820 21:19:07.185" endtime="20210820 21:19:07.724"/>
</kw>
<kw name="Close Browser" library="SeleniumLibrary">
<doc>Closes the current browser.</doc>
<status status="PASS" starttime="20210820 21:19:07.724" endtime="20210820 21:19:12.075"/>
</kw>
<status status="PASS" starttime="20210820 21:19:07.183" endtime="20210820 21:19:12.075"/>
</kw>
<tag>CADASTRO</tag>
<tag>POSITIVO</tag>
<status status="PASS" starttime="20210820 21:18:40.558" endtime="20210820 21:19:12.076"/>
</test>
<doc>Cenários de testes relacionado ao cadastro</doc>
<status status="PASS" starttime="20210820 21:18:38.652" endtime="20210820 21:19:12.081"/>
</suite>
<statistics>
<total>
<stat pass="1" fail="0" skip="0">All Tests</stat>
</total>
<tag>
<stat pass="1" fail="0" skip="0">CADASTRO</stat>
<stat pass="1" fail="0" skip="0">POSITIVO</stat>
</tag>
<suite>
<stat pass="1" fail="0" skip="0" id="s1" name="Cadastro">Cadastro</stat>
</suite>
</statistics>
<errors>
</errors>
</robot>
