<?xml version="1.0" encoding="UTF-8"?>
<robot generator="Robot 4.0.3 (Python 3.9.6 on win32)" generated="20210817 21:27:06.503" rpa="false" schemaversion="2">
<suite id="s1" name="Features" source="C:\Users\omattos\sistreinamento\WebAutomationRobotFramework\test\features">
<suite id="s1-s1" name="Login" source="C:\Users\omattos\sistreinamento\WebAutomationRobotFramework\test\features\login.robot">
<test id="s1-s1-t1" name="Cenario: Login com sucesso">
<kw name="Abrir sessão" library="setup" type="SETUP">
<kw name="Open Browser" library="SeleniumLibrary">
<arg>http://automationpractice.com/index.php</arg>
<arg>chrome</arg>
<doc>Opens a new browser instance to the optional ``url``.</doc>
<msg timestamp="20210817 21:27:07.535" level="INFO">Opening browser 'chrome' to base url 'http://automationpractice.com/index.php'.</msg>
<status status="PASS" starttime="20210817 21:27:07.534" endtime="20210817 21:27:24.269"/>
</kw>
<kw name="Set Selenium Timeout" library="SeleniumLibrary">
<arg>60</arg>
<doc>Sets the timeout that is used by various keywords.</doc>
<status status="PASS" starttime="20210817 21:27:24.269" endtime="20210817 21:27:24.280"/>
</kw>
<kw name="Maximize Browser Window" library="SeleniumLibrary">
<doc>Maximizes current browser window.</doc>
<status status="PASS" starttime="20210817 21:27:24.281" endtime="20210817 21:27:24.702"/>
</kw>
<status status="PASS" starttime="20210817 21:27:07.525" endtime="20210817 21:27:24.702"/>
</kw>
<kw name="Dado que o cliente esteja na tela inicial da aplicação" library="home_kws">
<kw name="Wait Until Element Is Visible" library="SeleniumLibrary">
<arg>${HOME.BOTAO_SIGNIN}</arg>
<doc>Waits until the element ``locator`` is visible.</doc>
<status status="PASS" starttime="20210817 21:27:24.715" endtime="20210817 21:27:25.247"/>
</kw>
<status status="PASS" starttime="20210817 21:27:24.714" endtime="20210817 21:27:25.248"/>
</kw>
<kw name="E acessar a tela de login" library="home_kws">
<kw name="Wait Until Element Is Visible" library="SeleniumLibrary">
<arg>${HOME.BOTAO_SIGNIN}</arg>
<doc>Waits until the element ``locator`` is visible.</doc>
<status status="PASS" starttime="20210817 21:27:25.280" endtime="20210817 21:27:25.373"/>
</kw>
<kw name="Click Element" library="SeleniumLibrary">
<arg>${HOME.BOTAO_SIGNIN}</arg>
<doc>Click the element identified by ``locator``.</doc>
<msg timestamp="20210817 21:27:25.377" level="INFO">Clicking element '//a[@class='login']'.</msg>
<status status="PASS" starttime="20210817 21:27:25.374" endtime="20210817 21:27:27.696"/>
</kw>
<status status="PASS" starttime="20210817 21:27:25.279" endtime="20210817 21:27:27.697"/>
</kw>
<kw name="Quando inserir os dados de login" library="login_kws">
<arg>rasafa9934@ovooovo.com</arg>
<arg>Teste@123</arg>
<kw name="Wait Until Element Is Visible" library="SeleniumLibrary">
<arg>${LOGIN.INPUT_EMAIL}</arg>
<doc>Waits until the element ``locator`` is visible.</doc>
<status status="PASS" starttime="20210817 21:27:27.700" endtime="20210817 21:27:27.861"/>
</kw>
<kw name="Input Text" library="SeleniumLibrary">
<arg>${LOGIN.INPUT_EMAIL}</arg>
<arg>${EMAIL}</arg>
<doc>Types the given ``text`` into the text field identified by ``locator``.</doc>
<msg timestamp="20210817 21:27:27.866" level="INFO">Typing text 'rasafa9934@ovooovo.com' into text field '//input[@id='email']'.</msg>
<status status="PASS" starttime="20210817 21:27:27.862" endtime="20210817 21:27:28.479"/>
</kw>
<kw name="Input Text" library="SeleniumLibrary">
<arg>${LOGIN.INPUT_SENHA}</arg>
<arg>${SENHA}</arg>
<doc>Types the given ``text`` into the text field identified by ``locator``.</doc>
<msg timestamp="20210817 21:27:28.483" level="INFO">Typing text 'Teste@123' into text field '//input[@id='passwd']'.</msg>
<status status="PASS" starttime="20210817 21:27:28.480" endtime="20210817 21:27:28.927"/>
</kw>
<status status="PASS" starttime="20210817 21:27:27.698" endtime="20210817 21:27:28.928"/>
</kw>
<kw name="E clicar no elemento" library="comum_kws">
<arg>${LOGIN.BOTAO_SIGNIN}</arg>
<kw name="Wait Until Element Is Visible" library="SeleniumLibrary">
<arg>${ELEMENTO}</arg>
<doc>Waits until the element ``locator`` is visible.</doc>
<status status="PASS" starttime="20210817 21:27:28.940" endtime="20210817 21:27:29.004"/>
</kw>
<kw name="Click Element" library="SeleniumLibrary">
<arg>${ELEMENTO}</arg>
<doc>Click the element identified by ``locator``.</doc>
<msg timestamp="20210817 21:27:29.007" level="INFO">Clicking element 'SubmitLogin'.</msg>
<status status="PASS" starttime="20210817 21:27:29.005" endtime="20210817 21:27:31.046"/>
</kw>
<status status="PASS" starttime="20210817 21:27:28.937" endtime="20210817 21:27:31.047"/>
</kw>
<kw name="Então deve visualizar a tela My Account" library="minha_conta_kws">
<kw name="Wait Until Element Is Visible" library="SeleniumLibrary">
<arg>${MINHA_CONTA.TITULO}</arg>
<doc>Waits until the element ``locator`` is visible.</doc>
<status status="PASS" starttime="20210817 21:27:31.056" endtime="20210817 21:27:31.189"/>
</kw>
<kw name="Get Text" library="SeleniumLibrary">
<var>${TITULO_ATUAL}</var>
<arg>${MINHA_CONTA.TITULO}</arg>
<doc>Returns the text value of the element identified by ``locator``.</doc>
<msg timestamp="20210817 21:27:31.269" level="INFO">${TITULO_ATUAL} = MY ACCOUNT</msg>
<status status="PASS" starttime="20210817 21:27:31.190" endtime="20210817 21:27:31.269"/>
</kw>
<kw name="Should Be Equal" library="BuiltIn">
<arg>${TITULO_ATUAL}</arg>
<arg>MY ACCOUNT</arg>
<doc>Fails if the given objects are unequal.</doc>
<status status="PASS" starttime="20210817 21:27:31.269" endtime="20210817 21:27:31.270"/>
</kw>
<status status="PASS" starttime="20210817 21:27:31.054" endtime="20210817 21:27:31.271"/>
</kw>
<kw name="Encerrar sessão" library="setup" type="TEARDOWN">
<kw name="Capture Page Screenshot" library="SeleniumLibrary">
<doc>Takes a screenshot of the current page and embeds it into a log file.</doc>
<msg timestamp="20210817 21:27:31.954" level="INFO" html="true">&lt;/td&gt;&lt;/tr&gt;&lt;tr&gt;&lt;td colspan="3"&gt;&lt;a href="selenium-screenshot-13.png"&gt;&lt;img src="selenium-screenshot-13.png" width="800px"&gt;&lt;/a&gt;</msg>
<status status="PASS" starttime="20210817 21:27:31.274" endtime="20210817 21:27:31.954"/>
</kw>
<kw name="Close Browser" library="SeleniumLibrary">
<doc>Closes the current browser.</doc>
<status status="PASS" starttime="20210817 21:27:31.955" endtime="20210817 21:27:38.489"/>
</kw>
<status status="PASS" starttime="20210817 21:27:31.273" endtime="20210817 21:27:38.490"/>
</kw>
<status status="PASS" starttime="20210817 21:27:07.517" endtime="20210817 21:27:38.495"/>
</test>
<test id="s1-s1-t2" name="Cenario: Login com credenciais inválidas">
<kw name="Abrir sessão" library="setup" type="SETUP">
<kw name="Open Browser" library="SeleniumLibrary">
<arg>http://automationpractice.com/index.php</arg>
<arg>chrome</arg>
<doc>Opens a new browser instance to the optional ``url``.</doc>
<msg timestamp="20210817 21:27:38.511" level="INFO">Opening browser 'chrome' to base url 'http://automationpractice.com/index.php'.</msg>
<status status="PASS" starttime="20210817 21:27:38.510" endtime="20210817 21:27:53.122"/>
</kw>
<kw name="Set Selenium Timeout" library="SeleniumLibrary">
<arg>60</arg>
<doc>Sets the timeout that is used by various keywords.</doc>
<status status="PASS" starttime="20210817 21:27:53.123" endtime="20210817 21:27:53.127"/>
</kw>
<kw name="Maximize Browser Window" library="SeleniumLibrary">
<doc>Maximizes current browser window.</doc>
<status status="PASS" starttime="20210817 21:27:53.127" endtime="20210817 21:27:53.521"/>
</kw>
<status status="PASS" starttime="20210817 21:27:38.508" endtime="20210817 21:27:53.521"/>
</kw>
<kw name="Dado que o cliente esteja na tela inicial da aplicação" library="home_kws">
<kw name="Wait Until Element Is Visible" library="SeleniumLibrary">
<arg>${HOME.BOTAO_SIGNIN}</arg>
<doc>Waits until the element ``locator`` is visible.</doc>
<status status="PASS" starttime="20210817 21:27:53.574" endtime="20210817 21:27:54.041"/>
</kw>
<status status="PASS" starttime="20210817 21:27:53.572" endtime="20210817 21:27:54.041"/>
</kw>
<kw name="E acessar a tela de login" library="home_kws">
<kw name="Wait Until Element Is Visible" library="SeleniumLibrary">
<arg>${HOME.BOTAO_SIGNIN}</arg>
<doc>Waits until the element ``locator`` is visible.</doc>
<status status="PASS" starttime="20210817 21:27:54.048" endtime="20210817 21:27:54.126"/>
</kw>
<kw name="Click Element" library="SeleniumLibrary">
<arg>${HOME.BOTAO_SIGNIN}</arg>
<doc>Click the element identified by ``locator``.</doc>
<msg timestamp="20210817 21:27:54.130" level="INFO">Clicking element '//a[@class='login']'.</msg>
<status status="PASS" starttime="20210817 21:27:54.127" endtime="20210817 21:27:57.068"/>
</kw>
<status status="PASS" starttime="20210817 21:27:54.046" endtime="20210817 21:27:57.069"/>
</kw>
<kw name="Quando inserir os dados de login" library="login_kws">
<arg>rasafa9934@ovooovo.com</arg>
<arg>TesteA123</arg>
<kw name="Wait Until Element Is Visible" library="SeleniumLibrary">
<arg>${LOGIN.INPUT_EMAIL}</arg>
<doc>Waits until the element ``locator`` is visible.</doc>
<status status="PASS" starttime="20210817 21:27:57.080" endtime="20210817 21:27:57.197"/>
</kw>
<kw name="Input Text" library="SeleniumLibrary">
<arg>${LOGIN.INPUT_EMAIL}</arg>
<arg>${EMAIL}</arg>
<doc>Types the given ``text`` into the text field identified by ``locator``.</doc>
<msg timestamp="20210817 21:27:57.202" level="INFO">Typing text 'rasafa9934@ovooovo.com' into text field '//input[@id='email']'.</msg>
<status status="PASS" starttime="20210817 21:27:57.197" endtime="20210817 21:27:57.793"/>
</kw>
<kw name="Input Text" library="SeleniumLibrary">
<arg>${LOGIN.INPUT_SENHA}</arg>
<arg>${SENHA}</arg>
<doc>Types the given ``text`` into the text field identified by ``locator``.</doc>
<msg timestamp="20210817 21:27:57.797" level="INFO">Typing text 'TesteA123' into text field '//input[@id='passwd']'.</msg>
<status status="PASS" starttime="20210817 21:27:57.794" endtime="20210817 21:27:58.180"/>
</kw>
<status status="PASS" starttime="20210817 21:27:57.078" endtime="20210817 21:27:58.180"/>
</kw>
<kw name="E clicar no elemento" library="comum_kws">
<arg>${LOGIN.BOTAO_SIGNIN}</arg>
<kw name="Wait Until Element Is Visible" library="SeleniumLibrary">
<arg>${ELEMENTO}</arg>
<doc>Waits until the element ``locator`` is visible.</doc>
<status status="PASS" starttime="20210817 21:27:58.188" endtime="20210817 21:27:58.280"/>
</kw>
<kw name="Click Element" library="SeleniumLibrary">
<arg>${ELEMENTO}</arg>
<doc>Click the element identified by ``locator``.</doc>
<msg timestamp="20210817 21:27:58.282" level="INFO">Clicking element 'SubmitLogin'.</msg>
<status status="PASS" starttime="20210817 21:27:58.281" endtime="20210817 21:27:59.912"/>
</kw>
<status status="PASS" starttime="20210817 21:27:58.185" endtime="20210817 21:27:59.912"/>
</kw>
<kw name="Então deve visualizar a mensagem" library="comum_kws">
<arg>${LOGIN.TEXTO_ERRO}</arg>
<arg>Authentication failed.</arg>
<kw name="Wait Until Element Is Visible" library="SeleniumLibrary">
<arg>${ELEMENTO}</arg>
<doc>Waits until the element ``locator`` is visible.</doc>
<status status="PASS" starttime="20210817 21:27:59.919" endtime="20210817 21:28:00.008"/>
</kw>
<kw name="Get Text" library="SeleniumLibrary">
<var>${MENSAGEM_ATUAL}</var>
<arg>${ELEMENTO}</arg>
<doc>Returns the text value of the element identified by ``locator``.</doc>
<msg timestamp="20210817 21:28:00.094" level="INFO">${MENSAGEM_ATUAL} = Authentication failed.</msg>
<status status="PASS" starttime="20210817 21:28:00.008" endtime="20210817 21:28:00.095"/>
</kw>
<kw name="Should Be Equal" library="BuiltIn">
<arg>${MENSAGEM_ATUAL}</arg>
<arg>${MENSAGEM_ESPERADA}</arg>
<doc>Fails if the given objects are unequal.</doc>
<status status="PASS" starttime="20210817 21:28:00.095" endtime="20210817 21:28:00.097"/>
</kw>
<status status="PASS" starttime="20210817 21:27:59.913" endtime="20210817 21:28:00.098"/>
</kw>
<kw name="Encerrar sessão" library="setup" type="TEARDOWN">
<kw name="Capture Page Screenshot" library="SeleniumLibrary">
<doc>Takes a screenshot of the current page and embeds it into a log file.</doc>
<msg timestamp="20210817 21:28:00.544" level="INFO" html="true">&lt;/td&gt;&lt;/tr&gt;&lt;tr&gt;&lt;td colspan="3"&gt;&lt;a href="selenium-screenshot-14.png"&gt;&lt;img src="selenium-screenshot-14.png" width="800px"&gt;&lt;/a&gt;</msg>
<status status="PASS" starttime="20210817 21:28:00.102" endtime="20210817 21:28:00.544"/>
</kw>
<kw name="Close Browser" library="SeleniumLibrary">
<doc>Closes the current browser.</doc>
<status status="PASS" starttime="20210817 21:28:00.544" endtime="20210817 21:28:05.448"/>
</kw>
<status status="PASS" starttime="20210817 21:28:00.100" endtime="20210817 21:28:05.449"/>
</kw>
<status status="PASS" starttime="20210817 21:27:38.499" endtime="20210817 21:28:05.450"/>
</test>
<doc>Cenários de testes relacionado ao login da aplicação.</doc>
<status status="PASS" starttime="20210817 21:27:06.595" endtime="20210817 21:28:05.454"/>
</suite>
<status status="PASS" starttime="20210817 21:27:06.509" endtime="20210817 21:28:05.462"/>
</suite>
<statistics>
<total>
<stat pass="2" fail="0" skip="0">All Tests</stat>
</total>
<tag>
</tag>
<suite>
<stat pass="2" fail="0" skip="0" id="s1" name="Features">Features</stat>
<stat pass="2" fail="0" skip="0" id="s1-s1" name="Login">Features.Login</stat>
</suite>
</statistics>
<errors>
</errors>
</robot>
