<?xml version="1.0" encoding="UTF-8"?>
<robot generator="Robot 4.0.3 (Python 3.9.6 on win32)" generated="20210819 19:10:44.632" rpa="false" schemaversion="2">
<suite id="s1" name="Features" source="C:\Users\omattos\sistreinamento\WebAutomationRobotFramework\test\features">
<suite id="s1-s1" name="Login" source="C:\Users\omattos\sistreinamento\WebAutomationRobotFramework\test\features\login.robot">
<test id="s1-s1-t1" name="Cenario: Login com credenciais inválidas">
<kw name="Abrir sessão" library="setup" type="SETUP">
<kw name="Open Browser" library="SeleniumLibrary">
<arg>http://automationpractice.com/index.php</arg>
<arg>chrome</arg>
<doc>Opens a new browser instance to the optional ``url``.</doc>
<msg timestamp="20210819 19:10:45.775" level="INFO">Opening browser 'chrome' to base url 'http://automationpractice.com/index.php'.</msg>
<status status="PASS" starttime="20210819 19:10:45.774" endtime="20210819 19:11:11.994"/>
</kw>
<kw name="Set Selenium Timeout" library="SeleniumLibrary">
<arg>60</arg>
<doc>Sets the timeout that is used by various keywords.</doc>
<status status="PASS" starttime="20210819 19:11:11.995" endtime="20210819 19:11:11.999"/>
</kw>
<kw name="Maximize Browser Window" library="SeleniumLibrary">
<doc>Maximizes current browser window.</doc>
<status status="PASS" starttime="20210819 19:11:11.999" endtime="20210819 19:11:14.061"/>
</kw>
<status status="PASS" starttime="20210819 19:10:45.771" endtime="20210819 19:11:14.062"/>
</kw>
<kw name="Dado que o cliente esteja na tela inicial da aplicação" library="home_kws">
<kw name="Wait Until Element Is Visible" library="SeleniumLibrary">
<arg>${HOME.BOTAO_SIGNIN}</arg>
<doc>Waits until the element ``locator`` is visible.</doc>
<status status="PASS" starttime="20210819 19:11:14.065" endtime="20210819 19:11:14.184"/>
</kw>
<status status="PASS" starttime="20210819 19:11:14.063" endtime="20210819 19:11:14.185"/>
</kw>
<kw name="E acessar a tela de login" library="home_kws">
<kw name="Wait Until Element Is Visible" library="SeleniumLibrary">
<arg>${HOME.BOTAO_SIGNIN}</arg>
<doc>Waits until the element ``locator`` is visible.</doc>
<status status="PASS" starttime="20210819 19:11:14.193" endtime="20210819 19:11:14.284"/>
</kw>
<kw name="Click Element" library="SeleniumLibrary">
<arg>${HOME.BOTAO_SIGNIN}</arg>
<doc>Click the element identified by ``locator``.</doc>
<msg timestamp="20210819 19:11:14.288" level="INFO">Clicking element '//a[@class='login']'.</msg>
<status status="PASS" starttime="20210819 19:11:14.285" endtime="20210819 19:11:16.940"/>
</kw>
<status status="PASS" starttime="20210819 19:11:14.191" endtime="20210819 19:11:16.940"/>
</kw>
<kw name="Quando inserir os dados de login" library="login_kws">
<arg>r${MASSA_DADOS.LOGIN_INVALIDO.EMAIL}</arg>
<arg>${MASSA_DADOS.LOGIN_INVALIDO.SENHA}</arg>
<msg timestamp="20210819 19:11:16.967" level="FAIL">Resolving variable '${MASSA_DADOS.LOGIN_INVALIDO.EMAIL}' failed: Variable '${MASSA_DADOS}' not found.</msg>
<status status="FAIL" starttime="20210819 19:11:16.958" endtime="20210819 19:11:16.967"/>
</kw>
<kw name="E clicar no elemento" library="comum_kws">
<arg>${LOGIN.BOTAO_SIGNIN}</arg>
<status status="NOT RUN" starttime="20210819 19:11:16.988" endtime="20210819 19:11:16.988"/>
</kw>
<kw name="Então deve visualizar a mensagem" library="comum_kws">
<arg>${LOGIN.TEXTO_ERRO}</arg>
<arg>${MENSAGENS.LOGIN.AUTHENTICATION_FAILED}</arg>
<status status="NOT RUN" starttime="20210819 19:11:16.989" endtime="20210819 19:11:16.990"/>
</kw>
<kw name="Encerrar sessão" library="setup" type="TEARDOWN">
<kw name="Capture Page Screenshot" library="SeleniumLibrary">
<doc>Takes a screenshot of the current page and embeds it into a log file.</doc>
<msg timestamp="20210819 19:11:17.676" level="INFO" html="true">&lt;/td&gt;&lt;/tr&gt;&lt;tr&gt;&lt;td colspan="3"&gt;&lt;a href="selenium-screenshot-16.png"&gt;&lt;img src="selenium-screenshot-16.png" width="800px"&gt;&lt;/a&gt;</msg>
<status status="PASS" starttime="20210819 19:11:16.995" endtime="20210819 19:11:17.677"/>
</kw>
<kw name="Close Browser" library="SeleniumLibrary">
<doc>Closes the current browser.</doc>
<status status="PASS" starttime="20210819 19:11:17.677" endtime="20210819 19:11:23.891"/>
</kw>
<status status="PASS" starttime="20210819 19:11:16.993" endtime="20210819 19:11:23.892"/>
</kw>
<tag>LOGIN</tag>
<tag>NEGATIVO</tag>
<status status="FAIL" starttime="20210819 19:10:45.761" endtime="20210819 19:11:23.892">Resolving variable '${MASSA_DADOS.LOGIN_INVALIDO.EMAIL}' failed: Variable '${MASSA_DADOS}' not found.</status>
</test>
<doc>Cenários de testes relacionado ao login da aplicação.</doc>
<status status="FAIL" starttime="20210819 19:10:44.757" endtime="20210819 19:11:23.897"/>
</suite>
<status status="FAIL" starttime="20210819 19:10:44.641" endtime="20210819 19:11:23.904"/>
</suite>
<statistics>
<total>
<stat pass="0" fail="1" skip="0">All Tests</stat>
</total>
<tag>
<stat pass="0" fail="1" skip="0">LOGIN</stat>
<stat pass="0" fail="1" skip="0">NEGATIVO</stat>
</tag>
<suite>
<stat pass="0" fail="1" skip="0" id="s1" name="Features">Features</stat>
<stat pass="0" fail="1" skip="0" id="s1-s1" name="Login">Features.Login</stat>
</suite>
</statistics>
<errors>
<msg timestamp="20210819 19:10:45.703" level="ERROR">Error in file 'C:\Users\omattos\sistreinamento\WebAutomationRobotFramework\src\config\package.resource' on line 20: Variable file '..\auto\data\dados.yaml' does not exist.</msg>
<msg timestamp="20210819 19:10:45.729" level="ERROR">Error in file 'C:\Users\omattos\sistreinamento\WebAutomationRobotFramework\src\config\package.resource' on line 21: Variable file '..\auto\data\mensagens.yaml' does not exist.</msg>
</errors>
</robot>
